<?xml version="1.0" encoding="UTF-8"?>
<!-- Generated by org.testng.reporters.JUnitReportReporter -->
<testsuite hostname="DESKTOP-C2JSM5E" failures="0" tests="1" name="com.launch.GoogleLaunch" time="46.935" errors="0" timestamp="8 Apr 2023 09:11:45 GMT">
  <testcase classname="com.launch.GoogleLaunch" name="setUp" time="46.935"/>
</testsuite> <!-- com.launch.GoogleLaunch -->
